<?xml version="1.0" encoding="UTF-8"?>
<!-- Generated by org.testng.reporters.JUnitReportReporter -->
<testsuite hostname="DESKTOP-SI05A67" failures="0" tests="5" name="com.web.automation.testcases.LoginPageTestCases" time="23.970" errors="0" timestamp="2024-07-28T10:37:52 IST" skipped="0">
  <testcase classname="com.web.automation.testcases.LoginPageTestCases" name="navigateToCustomerLoginPage" time="3.433"/>
  <testcase classname="com.web.automation.testcases.LoginPageTestCases" name="loginWithValidCredentials" time="5.409"/>
  <testcase classname="com.web.automation.testcases.LoginPageTestCases" name="loginWithInValidCredentials" time="8.410"/>
  <testcase classname="com.web.automation.testcases.LoginPageTestCases" name="loginWithEmptyCredentials" time="3.710"/>
  <testcase classname="com.web.automation.testcases.LoginPageTestCases" name="forgotPasswordWithValidEmail" time="3.008"/>
</testsuite> <!-- com.web.automation.testcases.LoginPageTestCases -->
