<?xml version="1.0" encoding="UTF-8"?>
<!-- Generated by org.testng.reporters.JUnitReportReporter -->
<testsuite hostname="DESKTOP-SI05A67" failures="0" tests="5" name="com.web.automation.testcases.LoginPageTestCases" time="35.388" errors="0" timestamp="2024-12-30T19:45:44 IST" skipped="0">
  <testcase classname="com.web.automation.testcases.LoginPageTestCases" name="navigateToCustomerLoginPage" time="4.565"/>
  <testcase classname="com.web.automation.testcases.LoginPageTestCases" name="loginWithValidCredentials" time="6.037"/>
  <testcase classname="com.web.automation.testcases.LoginPageTestCases" name="loginWithInValidCredentials" time="11.261"/>
  <testcase classname="com.web.automation.testcases.LoginPageTestCases" name="loginWithEmptyCredentials" time="6.241"/>
  <testcase classname="com.web.automation.testcases.LoginPageTestCases" name="forgotPasswordWithValidEmail" time="7.284"/>
</testsuite> <!-- com.web.automation.testcases.LoginPageTestCases -->
