<?xml version="1.0" encoding="UTF-8"?>
<!-- Generated by org.testng.reporters.JUnitReportReporter -->
<testsuite hostname="DESKTOP-SI05A67" failures="0" tests="5" name="com.web.automation.testcases.LoginPageTestCases" time="17.296" errors="0" timestamp="2024-09-18T20:46:42 IST" skipped="0">
  <testcase classname="com.web.automation.testcases.LoginPageTestCases" name="navigateToCustomerLoginPage" time="2.637"/>
  <testcase classname="com.web.automation.testcases.LoginPageTestCases" name="loginWithValidCredentials" time="3.594"/>
  <testcase classname="com.web.automation.testcases.LoginPageTestCases" name="loginWithInValidCredentials" time="3.651"/>
  <testcase classname="com.web.automation.testcases.LoginPageTestCases" name="loginWithEmptyCredentials" time="3.628"/>
  <testcase classname="com.web.automation.testcases.LoginPageTestCases" name="forgotPasswordWithValidEmail" time="3.786"/>
</testsuite> <!-- com.web.automation.testcases.LoginPageTestCases -->
