<?xml version="1.0" encoding="UTF-8"?>
<!-- Generated by org.testng.reporters.JUnitReportReporter -->
<testsuite hostname="DESKTOP-SI05A67" failures="0" tests="5" name="com.web.automation.testcases.LoginPageTestCases" time="15.013" errors="0" timestamp="2024-10-14T21:40:52 IST" skipped="0">
  <testcase classname="com.web.automation.testcases.LoginPageTestCases" name="navigateToCustomerLoginPage" time="2.410"/>
  <testcase classname="com.web.automation.testcases.LoginPageTestCases" name="loginWithValidCredentials" time="3.732"/>
  <testcase classname="com.web.automation.testcases.LoginPageTestCases" name="loginWithInValidCredentials" time="2.958"/>
  <testcase classname="com.web.automation.testcases.LoginPageTestCases" name="loginWithEmptyCredentials" time="2.908"/>
  <testcase classname="com.web.automation.testcases.LoginPageTestCases" name="forgotPasswordWithValidEmail" time="3.005"/>
</testsuite> <!-- com.web.automation.testcases.LoginPageTestCases -->
