<?xml version="1.0" encoding="UTF-8"?>
<!-- Generated by org.testng.reporters.JUnitReportReporter -->
<testsuite hostname="DESKTOP-SI05A67" failures="0" tests="2" name="com.web.automation.testcases.SearchItemTestCases" time="10.931" errors="0" timestamp="2024-10-14T21:40:52 IST" skipped="0">
  <testcase classname="com.web.automation.testcases.SearchItemTestCases" name="verifyTheItemFiltered" time="5.422"/>
  <testcase classname="com.web.automation.testcases.SearchItemTestCases" name="verifyTheItemFiltered" time="5.509"/>
</testsuite> <!-- com.web.automation.testcases.SearchItemTestCases -->
