<?xml version="1.0" encoding="UTF-8"?>
<!-- Generated by org.testng.reporters.JUnitReportReporter -->
<testsuite hostname="DESKTOP-SI05A67" failures="0" tests="5" name="com.web.automation.testcases.LoginPageTestCases" time="19.341" errors="0" timestamp="2024-07-31T18:00:56 IST" skipped="0">
  <testcase classname="com.web.automation.testcases.LoginPageTestCases" name="navigateToCustomerLoginPage" time="3.060"/>
  <testcase classname="com.web.automation.testcases.LoginPageTestCases" name="loginWithValidCredentials" time="5.090"/>
  <testcase classname="com.web.automation.testcases.LoginPageTestCases" name="loginWithInValidCredentials" time="3.875"/>
  <testcase classname="com.web.automation.testcases.LoginPageTestCases" name="loginWithEmptyCredentials" time="3.629"/>
  <testcase classname="com.web.automation.testcases.LoginPageTestCases" name="forgotPasswordWithValidEmail" time="3.687"/>
</testsuite> <!-- com.web.automation.testcases.LoginPageTestCases -->
