<?xml version="1.0" encoding="UTF-8"?>
<!-- Generated by org.testng.reporters.JUnitReportReporter -->
<testsuite hostname="DESKTOP-SI05A67" failures="0" tests="2" name="com.web.automation.testcases.SearchItemTestCases" time="18.586" errors="0" timestamp="2024-12-30T19:45:44 IST" skipped="0">
  <testcase classname="com.web.automation.testcases.SearchItemTestCases" name="verifyTheItemFiltered" time="7.961"/>
  <testcase classname="com.web.automation.testcases.SearchItemTestCases" name="verifyTheItemFiltered" time="10.625"/>
</testsuite> <!-- com.web.automation.testcases.SearchItemTestCases -->
