<?xml version="1.0" encoding="UTF-8"?>
<!-- Generated by org.testng.reporters.JUnitReportReporter -->
<testsuite hostname="DESKTOP-SI05A67" failures="0" tests="5" name="com.web.automation.testcases.RegisterPageTestCases" time="15.458" errors="0" timestamp="2024-06-15T22:57:54 IST" skipped="1">
  <testcase classname="com.web.automation.testcases.RegisterPageTestCases" name="navigateToCustomerRegisterPage" time="2.872"/>
  <testcase classname="com.web.automation.testcases.RegisterPageTestCases" name="invalidRegisterAccount" time="4.091"/>
  <testcase classname="com.web.automation.testcases.RegisterPageTestCases" name="registerWithAlreadyRegisteredEmail" time="4.268"/>
  <testcase classname="com.web.automation.testcases.RegisterPageTestCases" name="registerWithAlreadyRegisteredEmail" time="4.227"/>
  <testcase classname="com.web.automation.testcases.RegisterPageTestCases" name="registerAnAccount">
    <skipped/>
  </testcase> <!-- registerAnAccount -->
</testsuite> <!-- com.web.automation.testcases.RegisterPageTestCases -->
