<?xml version="1.0" encoding="UTF-8"?>
<!-- Generated by org.testng.reporters.JUnitReportReporter -->
<testsuite hostname="DESKTOP-SI05A67" failures="0" tests="2" name="com.web.automation.testcases.SearchItemTestCases" time="11.890" errors="0" timestamp="2024-09-18T20:46:42 IST" skipped="0">
  <testcase classname="com.web.automation.testcases.SearchItemTestCases" name="verifyTheItemFiltered" time="5.899"/>
  <testcase classname="com.web.automation.testcases.SearchItemTestCases" name="verifyTheItemFiltered" time="5.991"/>
</testsuite> <!-- com.web.automation.testcases.SearchItemTestCases -->
